<?xml version="1.0" encoding="UTF-8"?><subjects>
<users>
<user dn="uid=kepler,o=unaffiliated,dc=ecoinformatics,dc=org">
<password>$2a$10$r/0Sf6N/3vs48H5e9twd0un7PYsV0YXQ1fvzmzGagMx/6SVM6kokC</password>
</user>
<user dn="uid=test,o=NCEAS,dc=ecoinformatics,dc=org">
<password>$2a$10$cKSvczJOm09ytn.p7XUw.OlFWK7J3Eptu1/1FslcrzU4yI0qLYPT2</password>
<memberof>CN=ess-dive-test-users,DC=dataone,DC=org</memberof>
</user>
<user dn="http://orcid.org\0023-0001-7868-2567">
<password>$2a$10$KBlR2mbd48.l6W3a/Vk8nOLBhPtdv/6WQuoamAWkYqhIwfXHoolO2</password>
</user>
<user dn="uid=piscotest,o=PISCO,dc=ecoinformatics,dc=org">
<password>$2a$10$VUQpwI2Nc4fqhe6V4PweqOWJcpNrI0P/yM45wkbXAsk9rTsF.xUXO</password>
</user>
</users>
<groups>
<group name="CN=ess-dive-test-users,DC=dataone,DC=org"/>
</groups>
</subjects>
